[ERROR] 2021/05/03 17:21:23 CommonFuncs.go:114: Can`t find proper DBType: BINARY 

 goroutine 1 [running]:
runtime/debug.Stack(0x0, 0x0, 0x0)
	c:/go/src/runtime/debug/stack.go:24 +0xac
main.HandleErr(0xbc32c0, 0xc000384200)
	c:/Wallpaper/MyGame/Server/BasicServer/CommonFuncs.go:81 +0x7c
main.DBTypeToGoType(0xb8fce7, 0x6, 0x0)
	c:/Wallpaper/MyGame/Server/BasicServer/CommonFuncs.go:219 +0x76a
main.DBQuery(0xc000266340, 0xb964d6, 0x17, 0x0, 0x0, 0x0)
	c:/Wallpaper/MyGame/Server/BasicServer/CommonFuncs.go:146 +0x5cd
main.InitDB()
	c:/Wallpaper/MyGame/Server/BasicServer/CommonFuncs.go:45 +0x42e
main.main()
	c:/Wallpaper/MyGame/Server/BasicServer/Server.go:18 +0x59

[ERROR] 2021/05/03 17:21:48 CommonFuncs.go:113: sql: Scan error on column index 1, name "test02": destination not a pointer 

 goroutine 1 [running]:
runtime/debug.Stack(0x0, 0x0, 0x0)
	c:/go/src/runtime/debug/stack.go:24 +0xac
main.HandleErr(0x6132a0, 0xc0000473d0)
	c:/Wallpaper/MyGame/Server/BasicServer/CommonFuncs.go:80 +0x7c
main.DBQuery(0xc0002fc270, 0x5e64d6, 0x17, 0x0, 0x0, 0x0)
	c:/Wallpaper/MyGame/Server/BasicServer/CommonFuncs.go:171 +0xaad
main.InitDB()
	c:/Wallpaper/MyGame/Server/BasicServer/CommonFuncs.go:44 +0x42e
main.main()
	c:/Wallpaper/MyGame/Server/BasicServer/Server.go:18 +0x59

[ERROR] 2021/05/03 17:24:19 CommonFuncs.go:113: sql: Scan error on column index 1, name "test02": destination not a pointer 

 goroutine 1 [running]:
runtime/debug.Stack(0x0, 0x0, 0x0)
	c:/go/src/runtime/debug/stack.go:24 +0xac
main.HandleErr(0x6132a0, 0xc0003842a0)
	c:/Wallpaper/MyGame/Server/BasicServer/CommonFuncs.go:80 +0x7c
main.DBQuery(0xc00005bee0, 0x5e64d6, 0x17, 0x0, 0x0, 0x0)
	c:/Wallpaper/MyGame/Server/BasicServer/CommonFuncs.go:171 +0xaad
main.InitDB()
	c:/Wallpaper/MyGame/Server/BasicServer/CommonFuncs.go:44 +0x42e
main.main()
	c:/Wallpaper/MyGame/Server/BasicServer/Server.go:18 +0x59

[ERROR] 2021/05/03 17:24:35 CommonFuncs.go:113: sql: Scan error on column index 9, name "test14": converting NULL to string is unsupported 

 goroutine 1 [running]:
runtime/debug.Stack(0x0, 0x0, 0x0)
	c:/go/src/runtime/debug/stack.go:24 +0xac
main.HandleErr(0x6132a0, 0xc000384160)
	c:/Wallpaper/MyGame/Server/BasicServer/CommonFuncs.go:80 +0x7c
main.DBQuery(0xc00005bd40, 0x5e64d6, 0x17, 0x0, 0x0, 0x0)
	c:/Wallpaper/MyGame/Server/BasicServer/CommonFuncs.go:171 +0xaad
main.InitDB()
	c:/Wallpaper/MyGame/Server/BasicServer/CommonFuncs.go:44 +0x42e
main.main()
	c:/Wallpaper/MyGame/Server/BasicServer/Server.go:18 +0x59

