[INFO] 2021/05/04 00:08:35 CommonFuncs.go:101:  Server Starting !!!
[ERROR] 2021/05/04 00:08:48 CommonFuncs.go:103: ERR_PACKET_TYPE: 20 

 goroutine 23 [running]:
runtime/debug.Stack(0x0, 0x0, 0x0)
	c:/go/src/runtime/debug/stack.go:24 +0xac
main.HandleErr(0x10c8080, 0xc000047170)
	c:/Wallpaper/MyGame/Server/BasicServer/CommonFuncs.go:60 +0x8c
main.CommonHandler(0x10cc880, 0xc000404000, 0xc0002f0200)
	c:/Wallpaper/MyGame/Server/BasicServer/Server.go:44 +0x6db
net/http.HandlerFunc.ServeHTTP(0x10ae778, 0x10cc880, 0xc000404000, 0xc0002f0200)
	c:/go/src/net/http/server.go:2042 +0x4b
net/http.(*ServeMux).ServeHTTP(0x123eee0, 0x10cc880, 0xc000404000, 0xc0002f0200)
	c:/go/src/net/http/server.go:2417 +0x1b1
net/http.serverHandler.ServeHTTP(0xc0003c2000, 0x10cc880, 0xc000404000, 0xc0002f0200)
	c:/go/src/net/http/server.go:2843 +0x22b
net/http.(*conn).serve(0xc0003820a0, 0x10ccd00, 0xc000050640)
	c:/go/src/net/http/server.go:1925 +0x1805
created by net/http.(*Server).Serve
	c:/go/src/net/http/server.go:2969 +0x98f

[ERROR] 2021/05/04 00:08:48 CommonFuncs.go:103: 	Panic Recovered !!! -  ERR_PACKET_TYPE: 20
[INFO] 2021/05/04 00:10:24 CommonFuncs.go:103:  Server Starting !!!
[ERROR] 2021/05/04 00:10:27 CommonFuncs.go:105: ERR_PACKET_TYPE: 20 

 goroutine 23 [running]:
runtime/debug.Stack(0x0, 0x0, 0x0)
	c:/go/src/runtime/debug/stack.go:24 +0xac
main.HandleErr(0x968060, 0xc000090040)
	c:/Wallpaper/MyGame/Server/BasicServer/CommonFuncs.go:61 +0x8c
main.CommonHandler(0x96c8a0, 0xc0000b4000, 0xc0000a2000)
	c:/Wallpaper/MyGame/Server/BasicServer/Server.go:44 +0x6db
net/http.HandlerFunc.ServeHTTP(0x94e778, 0x96c8a0, 0xc0000b4000, 0xc0000a2000)
	c:/go/src/net/http/server.go:2042 +0x4b
net/http.(*ServeMux).ServeHTTP(0xadeee0, 0x96c8a0, 0xc0000b4000, 0xc0000a2000)
	c:/go/src/net/http/server.go:2417 +0x1b1
net/http.serverHandler.ServeHTTP(0xc0003c0000, 0x96c8a0, 0xc0000b4000, 0xc0000a2000)
	c:/go/src/net/http/server.go:2843 +0x22b
net/http.(*conn).serve(0xc0003800a0, 0x96cd20, 0xc00008e000)
	c:/go/src/net/http/server.go:1925 +0x1805
created by net/http.(*Server).Serve
	c:/go/src/net/http/server.go:2969 +0x98f

[ERROR] 2021/05/04 00:10:27 CommonFuncs.go:105: 	Panic Recovered !!! -  ERR_PACKET_TYPE: 20
[ERROR] 2021/05/04 00:10:41 CommonFuncs.go:105: ERR_PACKET_TYPE: 20 

 goroutine 23 [running]:
runtime/debug.Stack(0x0, 0x0, 0x0)
	c:/go/src/runtime/debug/stack.go:24 +0xac
main.HandleErr(0x968060, 0xc000047140)
	c:/Wallpaper/MyGame/Server/BasicServer/CommonFuncs.go:61 +0x8c
main.CommonHandler(0x96c8a0, 0xc000400000, 0xc0002f2300)
	c:/Wallpaper/MyGame/Server/BasicServer/Server.go:44 +0x6db
net/http.HandlerFunc.ServeHTTP(0x94e778, 0x96c8a0, 0xc000400000, 0xc0002f2300)
	c:/go/src/net/http/server.go:2042 +0x4b
net/http.(*ServeMux).ServeHTTP(0xadeee0, 0x96c8a0, 0xc000400000, 0xc0002f2300)
	c:/go/src/net/http/server.go:2417 +0x1b1
net/http.serverHandler.ServeHTTP(0xc0003c0000, 0x96c8a0, 0xc000400000, 0xc0002f2300)
	c:/go/src/net/http/server.go:2843 +0x22b
net/http.(*conn).serve(0xc0003800a0, 0x96cd20, 0xc00008e000)
	c:/go/src/net/http/server.go:1925 +0x1805
created by net/http.(*Server).Serve
	c:/go/src/net/http/server.go:2969 +0x98f

[ERROR] 2021/05/04 00:11:06 CommonFuncs.go:105: 	Panic Recovered !!! -  ERR_PACKET_TYPE: 20
[INFO] 2021/05/04 00:11:43 CommonFuncs.go:104:  Server Starting !!!
[ERROR] 2021/05/04 00:11:45 CommonFuncs.go:106: ERR_PACKET_TYPE: 20 

 goroutine 27 [running]:
runtime/debug.Stack(0x0, 0x0, 0x0)
	c:/go/src/runtime/debug/stack.go:24 +0xac
main.HandleErr(0xf38080, 0xc000090040)
	c:/Wallpaper/MyGame/Server/BasicServer/CommonFuncs.go:61 +0x56
main.CommonHandler(0xf3c8c0, 0xc0000b4000, 0xc0000a2000)
	c:/Wallpaper/MyGame/Server/BasicServer/Server.go:44 +0x6db
net/http.HandlerFunc.ServeHTTP(0xf1e778, 0xf3c8c0, 0xc0000b4000, 0xc0000a2000)
	c:/go/src/net/http/server.go:2042 +0x4b
net/http.(*ServeMux).ServeHTTP(0x10aeee0, 0xf3c8c0, 0xc0000b4000, 0xc0000a2000)
	c:/go/src/net/http/server.go:2417 +0x1b1
net/http.serverHandler.ServeHTTP(0xc0003da000, 0xf3c8c0, 0xc0000b4000, 0xc0000a2000)
	c:/go/src/net/http/server.go:2843 +0x22b
net/http.(*conn).serve(0xc000108b40, 0xf3cd40, 0xc00008e000)
	c:/go/src/net/http/server.go:1925 +0x1805
created by net/http.(*Server).Serve
	c:/go/src/net/http/server.go:2969 +0x98f

[ERROR] 2021/05/04 00:11:45 CommonFuncs.go:106: 	Panic Recovered !!! -  ERR_PACKET_TYPE: 20
[INFO] 2021/05/04 00:12:26 CommonFuncs.go:104:  Server Starting !!!
[ERROR] 2021/05/04 00:12:29 CommonFuncs.go:106: ERR_PACKET_TYPE: 20 

 goroutine 14 [running]:
runtime/debug.Stack(0x0, 0x0, 0x0)
	c:/go/src/runtime/debug/stack.go:24 +0xac
main.HandleErr(0x11d8080, 0xc00038a040)
	c:/Wallpaper/MyGame/Server/BasicServer/CommonFuncs.go:61 +0x56
main.CommonHandler(0x11dc8c0, 0xc0003ae000, 0xc00039c000)
	c:/Wallpaper/MyGame/Server/BasicServer/Server.go:44 +0x6db
net/http.HandlerFunc.ServeHTTP(0x11be780, 0x11dc8c0, 0xc0003ae000, 0xc00039c000)
	c:/go/src/net/http/server.go:2042 +0x4b
net/http.(*ServeMux).ServeHTTP(0x134eee0, 0x11dc8c0, 0xc0003ae000, 0xc00039c000)
	c:/go/src/net/http/server.go:2417 +0x1b1
net/http.serverHandler.ServeHTTP(0xc00040a000, 0x11dc8c0, 0xc0003ae000, 0xc00039c000)
	c:/go/src/net/http/server.go:2843 +0x22b
net/http.(*conn).serve(0xc000056b40, 0x11dcd40, 0xc000388000)
	c:/go/src/net/http/server.go:1925 +0x1805
created by net/http.(*Server).Serve
	c:/go/src/net/http/server.go:2969 +0x98f

[ERROR] 2021/05/04 00:12:29 CommonFuncs.go:106: 	Panic Recovered !!! -  ERR_PACKET_TYPE: 20
[ERROR] 2021/05/04 00:13:08 CommonFuncs.go:106: ERR_PACKET_TYPE: 20 

 goroutine 14 [running]:
runtime/debug.Stack(0x0, 0x0, 0x0)
	c:/go/src/runtime/debug/stack.go:24 +0xac
main.HandleErr(0x11d8080, 0xc000047310)
	c:/Wallpaper/MyGame/Server/BasicServer/CommonFuncs.go:61 +0x56
main.CommonHandler(0x11dc8c0, 0xc00040a0e0, 0xc0002f0400)
	c:/Wallpaper/MyGame/Server/BasicServer/Server.go:44 +0x6db
net/http.HandlerFunc.ServeHTTP(0x11be780, 0x11dc8c0, 0xc00040a0e0, 0xc0002f0400)
	c:/go/src/net/http/server.go:2042 +0x4b
net/http.(*ServeMux).ServeHTTP(0x134eee0, 0x11dc8c0, 0xc00040a0e0, 0xc0002f0400)
	c:/go/src/net/http/server.go:2417 +0x1b1
net/http.serverHandler.ServeHTTP(0xc00040a000, 0x11dc8c0, 0xc00040a0e0, 0xc0002f0400)
	c:/go/src/net/http/server.go:2843 +0x22b
net/http.(*conn).serve(0xc000056b40, 0x11dcd40, 0xc000388000)
	c:/go/src/net/http/server.go:1925 +0x1805
created by net/http.(*Server).Serve
	c:/go/src/net/http/server.go:2969 +0x98f

[ERROR] 2021/05/04 00:13:08 CommonFuncs.go:106: 	Panic Recovered !!! -  runtime error: invalid memory address or nil pointer dereference
